#
# A fatal error has been detected by the Java Runtime Environment:
#
#  EXCEPTION_ACCESS_VIOLATION (0xc0000005) at pc=0x00000000649ef623, pid=1420, tid=0x00000000000005e0
#
# JRE version: Java(TM) SE Runtime Environment (8.0_181-b13) (build 1.8.0_181-b13)
# Java VM: Java HotSpot(TM) 64-Bit Server VM (25.181-b13 mixed mode windows-amd64 compressed oops)
# Problematic frame:
# V  [jvm.dll+0x13f623]
#
# Failed to write core dump. Minidumps are not enabled by default on client versions of Windows
#
# If you would like to submit a bug report, please visit:
#   http://bugreport.java.com/bugreport/crash.jsp
#

---------------  T H R E A D  ---------------

Current thread (0x0000000019448800):  JavaThread "AWT-EventQueue-0" [_thread_in_vm, id=1504, stack(0x000000001a580000,0x000000001a680000)]

siginfo: ExceptionCode=0xc0000005, reading address 0x00000003257ac268

Registers:
RAX=0x0000000000000000, RBX=0x0000000019448800, RCX=0x0000000000000003, RDX=0x00000003257ac200
RSP=0x000000001a67c0f0, RBP=0x000000001a67c240, RSI=0x00000000194489f8, RDI=0x0000000019448800
R8 =0xffff80067f152ef0, R9 =0x00007ff980ead13f, R10=0x000000000000002f, R11=0x000000000000002f
R12=0x000000001a67c480, R13=0x0000000000000000, R14=0x000000001a67c478, R15=0x0000000000000000
RIP=0x00000000649ef623, EFLAGS=0x0000000000010206

Top of Stack: (sp=0x000000001a67c0f0)
0x000000001a67c0f0:   00007ff980ead110 0000000019448800
0x000000001a67c100:   000000001a67c240 0000000000000000
0x000000001a67c110:   0000000019448800 0000000000000000
0x000000001a67c120:   0000000000000000 0000000000000000
0x000000001a67c130:   000000001944db70 00007ff980e86777
0x000000001a67c140:   00000000194489f8 000000001a67c240
0x000000001a67c150:   0000000019448800 00000000032810d7
0x000000001a67c160:   00000000032813e0 0000000000000000
0x000000001a67c170:   0000000000000000 0000000000000000
0x000000001a67c180:   0000000003280fe0 0000000019010000
0x000000001a67c190:   000000001a67c0f0 0000000000000000
0x000000001a67c1a0:   0000000000000000 0000000000000000
0x000000001a67c1b0:   0000000000000000 0000000000000000
0x000000001a67c1c0:   0000000000000000 0000000000000000
0x000000001a67c1d0:   000000001a67c448 0000000000000000
0x000000001a67c1e0:   000000001a67c460 000000001a67c458 

Instructions: (pc=0x00000000649ef623)
0x00000000649ef603:   00 00 48 8b 17 74 15 8b 52 08 8b 0d 55 72 66 00
0x00000000649ef613:   48 d3 e2 48 03 15 43 72 66 00 eb 04 48 8b 52 08
0x00000000649ef623:   48 8b 52 68 48 8b ce e8 31 7d 0d 00 48 83 7c 24
0x00000000649ef633:   28 00 48 8b f0 74 0a 48 8d 4c 24 20 e8 1c e3 13 


Register to memory mapping:

RAX=0x0000000000000000 is an unknown value
RBX=0x0000000019448800 is a thread
RCX=0x0000000000000003 is an unknown value
RDX=0x00000003257ac200 is an unknown value
RSP=0x000000001a67c0f0 is pointing into the stack for thread: 0x0000000019448800
RBP=0x000000001a67c240 is pointing into the stack for thread: 0x0000000019448800
RSI=0x00000000194489f8 is an unknown value
RDI=0x0000000019448800 is a thread
R8 =0xffff80067f152ef0 is an unknown value
R9 =0x00007ff980ead13f is an unknown value
R10=0x000000000000002f is an unknown value
R11=0x000000000000002f is an unknown value
R12=0x000000001a67c480 is pointing into the stack for thread: 0x0000000019448800
R13=0x0000000000000000 is an unknown value
R14=0x000000001a67c478 is pointing into the stack for thread: 0x0000000019448800
R15=0x0000000000000000 is an unknown value


Stack: [0x000000001a580000,0x000000001a680000],  sp=0x000000001a67c0f0,  free space=1008k
Native frames: (J=compiled Java code, j=interpreted, Vv=VM code, C=native code)
V  [jvm.dll+0x13f623]
C  [sqljdbc_auth.dll+0x6777]
C  0x0000000003236567

Java frames: (J=compiled Java code, j=interpreted, Vv=VM code)
j  com.microsoft.sqlserver.jdbc.AuthenticationJNI.SNISecGenClientContext([B[I[BI[B[I[ZLjava/lang/String;Ljava/lang/String;Ljava/lang/String;Ljava/util/logging/Logger;)I+0
j  com.microsoft.sqlserver.jdbc.AuthenticationJNI.GenerateClientContext([BI[B[I[Z)I+24
j  com.microsoft.sqlserver.jdbc.SQLServerConnection.SSPIData([B[B[I[ZLcom/microsoft/sqlserver/jdbc/AuthenticationJNI;)V+13
j  com.microsoft.sqlserver.jdbc.SQLServerConnection.sendLogon(Lcom/microsoft/sqlserver/jdbc/SQLServerConnection$LogonCommand;Lcom/microsoft/sqlserver/jdbc/AuthenticationJNI;)V+151
j  com.microsoft.sqlserver.jdbc.SQLServerConnection.logon(Lcom/microsoft/sqlserver/jdbc/SQLServerConnection$LogonCommand;)V+20
j  com.microsoft.sqlserver.jdbc.SQLServerConnection.access$000(Lcom/microsoft/sqlserver/jdbc/SQLServerConnection;Lcom/microsoft/sqlserver/jdbc/SQLServerConnection$LogonCommand;)V+2
j  com.microsoft.sqlserver.jdbc.SQLServerConnection$LogonCommand.doExecute()Z+5
j  com.microsoft.sqlserver.jdbc.TDSCommand.execute(Lcom/microsoft/sqlserver/jdbc/TDSWriter;Lcom/microsoft/sqlserver/jdbc/TDSReader;)Z+30
j  com.microsoft.sqlserver.jdbc.SQLServerConnection.executeCommand(Lcom/microsoft/sqlserver/jdbc/TDSCommand;)Z+45
j  com.microsoft.sqlserver.jdbc.SQLServerConnection.connectHelper(Lcom/microsoft/sqlserver/jdbc/ServerPortPlaceHolder;II)V+284
j  com.microsoft.sqlserver.jdbc.SQLServerConnection.login(Ljava/lang/String;Ljava/lang/String;ILjava/lang/String;Lcom/microsoft/sqlserver/jdbc/FailoverInfo;IJ)V+399
j  com.microsoft.sqlserver.jdbc.SQLServerConnection.connect(Ljava/util/Properties;Lcom/microsoft/sqlserver/jdbc/SQLServerPooledConnection;)Ljava/sql/Connection;+1736
j  com.microsoft.sqlserver.jdbc.SQLServerDriver.connect(Ljava/lang/String;Ljava/util/Properties;)Ljava/sql/Connection;+45
j  java.sql.DriverManager.getConnection(Ljava/lang/String;Ljava/util/Properties;Ljava/lang/Class;)Ljava/sql/Connection;+171
j  java.sql.DriverManager.getConnection(Ljava/lang/String;)Ljava/sql/Connection;+13
j  repaso2018.Conexion.conectar()Ljava/sql/Connection;+10
j  repaso2018.Formulario1.jButton1ActionPerformed(Ljava/awt/event/ActionEvent;)V+9
j  repaso2018.Formulario1.access$000(Lrepaso2018/Formulario1;Ljava/awt/event/ActionEvent;)V+2
j  repaso2018.Formulario1$4.actionPerformed(Ljava/awt/event/ActionEvent;)V+5
j  javax.swing.AbstractButton.fireActionPerformed(Ljava/awt/event/ActionEvent;)V+83
j  javax.swing.AbstractButton$Handler.actionPerformed(Ljava/awt/event/ActionEvent;)V+5
j  javax.swing.DefaultButtonModel.fireActionPerformed(Ljava/awt/event/ActionEvent;)V+34
j  javax.swing.DefaultButtonModel.setPressed(Z)V+117
j  javax.swing.plaf.basic.BasicButtonListener.mouseReleased(Ljava/awt/event/MouseEvent;)V+35
j  java.awt.Component.processMouseEvent(Ljava/awt/event/MouseEvent;)V+64
j  javax.swing.JComponent.processMouseEvent(Ljava/awt/event/MouseEvent;)V+23
j  java.awt.Component.processEvent(Ljava/awt/AWTEvent;)V+81
j  java.awt.Container.processEvent(Ljava/awt/AWTEvent;)V+18
j  java.awt.Component.dispatchEventImpl(Ljava/awt/AWTEvent;)V+589
j  java.awt.Container.dispatchEventImpl(Ljava/awt/AWTEvent;)V+42
j  java.awt.Component.dispatchEvent(Ljava/awt/AWTEvent;)V+2
j  java.awt.LightweightDispatcher.retargetMouseEvent(Ljava/awt/Component;ILjava/awt/event/MouseEvent;)V+349
j  java.awt.LightweightDispatcher.processMouseEvent(Ljava/awt/event/MouseEvent;)Z+155
j  java.awt.LightweightDispatcher.dispatchEvent(Ljava/awt/AWTEvent;)Z+50
j  java.awt.Container.dispatchEventImpl(Ljava/awt/AWTEvent;)V+12
j  java.awt.Window.dispatchEventImpl(Ljava/awt/AWTEvent;)V+19
j  java.awt.Component.dispatchEvent(Ljava/awt/AWTEvent;)V+2
j  java.awt.EventQueue.dispatchEventImpl(Ljava/awt/AWTEvent;Ljava/lang/Object;)V+41
j  java.awt.EventQueue.access$500(Ljava/awt/EventQueue;Ljava/awt/AWTEvent;Ljava/lang/Object;)V+3
j  java.awt.EventQueue$3.run()Ljava/lang/Void;+32
j  java.awt.EventQueue$3.run()Ljava/lang/Object;+1
v  ~StubRoutines::call_stub
j  java.security.AccessController.doPrivileged(Ljava/security/PrivilegedAction;Ljava/security/AccessControlContext;)Ljava/lang/Object;+0
j  java.security.ProtectionDomain$JavaSecurityAccessImpl.doIntersectionPrivilege(Ljava/security/PrivilegedAction;Ljava/security/AccessControlContext;Ljava/security/AccessControlContext;)Ljava/lang/Object;+18
j  java.security.ProtectionDomain$JavaSecurityAccessImpl.doIntersectionPrivilege(Ljava/security/PrivilegedAction;Ljava/security/AccessControlContext;)Ljava/lang/Object;+6
j  java.awt.EventQueue$4.run()Ljava/lang/Void;+11
j  java.awt.EventQueue$4.run()Ljava/lang/Object;+1
v  ~StubRoutines::call_stub
j  java.security.AccessController.doPrivileged(Ljava/security/PrivilegedAction;Ljava/security/AccessControlContext;)Ljava/lang/Object;+0
j  java.security.ProtectionDomain$JavaSecurityAccessImpl.doIntersectionPrivilege(Ljava/security/PrivilegedAction;Ljava/security/AccessControlContext;Ljava/security/AccessControlContext;)Ljava/lang/Object;+18
j  java.awt.EventQueue.dispatchEvent(Ljava/awt/AWTEvent;)V+73
j  java.awt.EventDispatchThread.pumpOneEventForFilters(I)V+140
j  java.awt.EventDispatchThread.pumpEventsForFilter(ILjava/awt/Conditional;Ljava/awt/EventFilter;)V+35
j  java.awt.EventDispatchThread.pumpEventsForHierarchy(ILjava/awt/Conditional;Ljava/awt/Component;)V+11
j  java.awt.EventDispatchThread.pumpEvents(ILjava/awt/Conditional;)V+4
j  java.awt.EventDispatchThread.pumpEvents(Ljava/awt/Conditional;)V+3
j  java.awt.EventDispatchThread.run()V+9
v  ~StubRoutines::call_stub

---------------  P R O C E S S  ---------------

Java Threads: ( => current thread )
  0x0000000019e01800 JavaThread "TimerQueue" daemon [_thread_blocked, id=956, stack(0x000000001b5c0000,0x000000001b6c0000)]
  0x000000000311d800 JavaThread "DestroyJavaVM" [_thread_blocked, id=6548, stack(0x0000000002f90000,0x0000000003090000)]
=>0x0000000019448800 JavaThread "AWT-EventQueue-0" [_thread_in_vm, id=1504, stack(0x000000001a580000,0x000000001a680000)]
  0x000000001941f000 JavaThread "AWT-Windows" daemon [_thread_in_native, id=6988, stack(0x00000000196c0000,0x00000000197c0000)]
  0x000000001941d000 JavaThread "AWT-Shutdown" [_thread_blocked, id=4736, stack(0x00000000195c0000,0x00000000196c0000)]
  0x000000001941a000 JavaThread "Java2D Disposer" daemon [_thread_blocked, id=5988, stack(0x0000000019480000,0x0000000019580000)]
  0x0000000017b3e800 JavaThread "Service Thread" daemon [_thread_blocked, id=4504, stack(0x0000000018d20000,0x0000000018e20000)]
  0x0000000017ad2800 JavaThread "C1 CompilerThread1" daemon [_thread_blocked, id=2860, stack(0x0000000018c20000,0x0000000018d20000)]
  0x0000000017aca000 JavaThread "C2 CompilerThread0" daemon [_thread_blocked, id=2220, stack(0x0000000018b20000,0x0000000018c20000)]
  0x0000000017ac9000 JavaThread "Attach Listener" daemon [_thread_blocked, id=1128, stack(0x0000000018a20000,0x0000000018b20000)]
  0x0000000017ac5800 JavaThread "Signal Dispatcher" daemon [_thread_blocked, id=8080, stack(0x0000000018920000,0x0000000018a20000)]
  0x0000000017ab8800 JavaThread "Finalizer" daemon [_thread_blocked, id=1380, stack(0x0000000018700000,0x0000000018800000)]
  0x000000000320c800 JavaThread "Reference Handler" daemon [_thread_blocked, id=3436, stack(0x0000000018600000,0x0000000018700000)]

Other Threads:
  0x0000000017a96000 VMThread [stack: 0x0000000018500000,0x0000000018600000] [id=7840]
  0x0000000017b4a000 WatcherThread [stack: 0x0000000018f80000,0x0000000019080000] [id=7368]

VM state:not at safepoint (normal execution)

VM Mutex/Monitor currently owned by a thread: None

Heap:
 PSYoungGen      total 37888K, used 25763K [0x00000000d6000000, 0x00000000d8a00000, 0x0000000100000000)
  eden space 32768K, 78% used [0x00000000d6000000,0x00000000d7928c88,0x00000000d8000000)
  from space 5120K, 0% used [0x00000000d8500000,0x00000000d8500000,0x00000000d8a00000)
  to   space 5120K, 0% used [0x00000000d8000000,0x00000000d8000000,0x00000000d8500000)
 ParOldGen       total 86016K, used 0K [0x0000000082000000, 0x0000000087400000, 0x00000000d6000000)
  object space 86016K, 0% used [0x0000000082000000,0x0000000082000000,0x0000000087400000)
 Metaspace       used 15489K, capacity 15840K, committed 16128K, reserved 1062912K
  class space    used 1888K, capacity 1980K, committed 2048K, reserved 1048576K

Card table byte_map: [0x00000000125e0000,0x00000000129e0000] byte_map_base: 0x00000000121d0000

Marking Bits: (ParMarkBitMap*) 0x00000000650d2d00
 Begin Bits: [0x0000000012e80000, 0x0000000014e00000)
 End Bits:   [0x0000000014e00000, 0x0000000016d80000)

Polling page: 0x0000000002f00000

CodeCache: size=245760Kb used=3997Kb max_used=3997Kb free=241762Kb
 bounds [0x0000000003220000, 0x0000000003610000, 0x0000000012220000]
 total_blobs=1735 nmethods=1213 adapters=436
 compilation: enabled

Compilation events (10 events):
Event: 1.805 Thread 0x0000000017ad2800 1209       3       com.sun.crypto.provider.AESCrypt::mul4 (181 bytes)
Event: 1.806 Thread 0x0000000017ad2800 nmethod 1209 0x0000000003606f50 code [0x0000000003607160, 0x0000000003607b90]
Event: 1.810 Thread 0x0000000017ad2800 1210       1       java.net.URLClassLoader::access$000 (5 bytes)
Event: 1.810 Thread 0x0000000017ad2800 nmethod 1210 0x00000000035f9790 code [0x00000000035f98e0, 0x00000000035f99d0]
Event: 1.814 Thread 0x0000000017ad2800 1211       1       java.util.logging.Level::intValue (5 bytes)
Event: 1.814 Thread 0x0000000017ad2800 nmethod 1211 0x0000000003606c90 code [0x0000000003606de0, 0x0000000003606ef0]
Event: 1.815 Thread 0x0000000017ad2800 1212  s    3       java.util.Hashtable::containsKey (65 bytes)
Event: 1.815 Thread 0x0000000017ad2800 nmethod 1212 0x0000000003606250 code [0x00000000036063e0, 0x0000000003606a18]
Event: 1.815 Thread 0x0000000017ad2800 1213       3       sun.net.www.ParseUtil::encodePath (336 bytes)
Event: 1.816 Thread 0x0000000017ad2800 nmethod 1213 0x0000000003608410 code [0x0000000003608680, 0x0000000003609698]

GC Heap History (0 events):
No events

Deoptimization events (10 events):
Event: 1.235 Thread 0x0000000019448800 Uncommon trap: reason=bimorphic action=maybe_recompile pc=0x0000000003433a80 method=java.util.HashMap.getNode(ILjava/lang/Object;)Ljava/util/HashMap$Node; @ 126
Event: 1.235 Thread 0x0000000019448800 Uncommon trap: reason=bimorphic action=maybe_recompile pc=0x0000000003433a80 method=java.util.HashMap.getNode(ILjava/lang/Object;)Ljava/util/HashMap$Node; @ 126
Event: 1.235 Thread 0x0000000019448800 Uncommon trap: reason=bimorphic action=maybe_recompile pc=0x0000000003433a80 method=java.util.HashMap.getNode(ILjava/lang/Object;)Ljava/util/HashMap$Node; @ 126
Event: 1.406 Thread 0x0000000019448800 Uncommon trap: reason=class_check action=maybe_recompile pc=0x000000000349085c method=java.util.HashMap.putVal(ILjava/lang/Object;Ljava/lang/Object;ZZ)Ljava/lang/Object; @ 253
Event: 1.406 Thread 0x0000000019448800 Uncommon trap: reason=class_check action=maybe_recompile pc=0x000000000349085c method=java.util.HashMap.putVal(ILjava/lang/Object;Ljava/lang/Object;ZZ)Ljava/lang/Object; @ 253
Event: 1.406 Thread 0x0000000019448800 Uncommon trap: reason=class_check action=maybe_recompile pc=0x000000000349085c method=java.util.HashMap.putVal(ILjava/lang/Object;Ljava/lang/Object;ZZ)Ljava/lang/Object; @ 253
Event: 1.406 Thread 0x0000000019448800 Uncommon trap: reason=class_check action=maybe_recompile pc=0x000000000349085c method=java.util.HashMap.putVal(ILjava/lang/Object;Ljava/lang/Object;ZZ)Ljava/lang/Object; @ 253
Event: 1.421 Thread 0x0000000019448800 Uncommon trap: reason=class_check action=maybe_recompile pc=0x00000000034c369c method=java.util.regex.Pattern$BmpCharProperty.match(Ljava/util/regex/Matcher;ILjava/lang/CharSequence;)Z @ 31
Event: 1.421 Thread 0x0000000019448800 Uncommon trap: reason=unstable_if action=reinterpret pc=0x00000000034c3638 method=java.util.regex.Pattern$BmpCharProperty.match(Ljava/util/regex/Matcher;ILjava/lang/CharSequence;)Z @ 5
Event: 1.465 Thread 0x0000000019448800 Uncommon trap: reason=unstable_if action=reinterpret pc=0x00000000034bf5d4 method=java.math.BigInteger.addOne([IIII)I @ 55

Classes redefined (0 events):
No events

Internal exceptions (10 events):
Event: 0.036 Thread 0x000000000311d800 Exception <a 'java/lang/NoSuchMethodError': Method sun.misc.Unsafe.prefetchRead(Ljava/lang/Object;J)V name or signature does not match> (0x00000000d6007f98) thrown at [C:\re\workspace\8-2-build-windows-amd64-cygwin\jdk8u181\11358\hotspot\src\share\vm\prim
Event: 0.089 Thread 0x000000000311d800 Exception <a 'java/io/FileNotFoundException'> (0x00000000d6054af0) thrown at [C:\re\workspace\8-2-build-windows-amd64-cygwin\jdk8u181\11358\hotspot\src\share\vm\prims\jni.cpp, line 709]
Event: 0.137 Thread 0x000000000311d800 Exception <a 'java/security/PrivilegedActionException'> (0x00000000d609d848) thrown at [C:\re\workspace\8-2-build-windows-amd64-cygwin\jdk8u181\11358\hotspot\src\share\vm\prims\jvm.cpp, line 1435]
Event: 0.138 Thread 0x000000000311d800 Exception <a 'java/security/PrivilegedActionException'> (0x00000000d609da58) thrown at [C:\re\workspace\8-2-build-windows-amd64-cygwin\jdk8u181\11358\hotspot\src\share\vm\prims\jvm.cpp, line 1435]
Event: 0.138 Thread 0x000000000311d800 Exception <a 'java/security/PrivilegedActionException'> (0x00000000d60a1968) thrown at [C:\re\workspace\8-2-build-windows-amd64-cygwin\jdk8u181\11358\hotspot\src\share\vm\prims\jvm.cpp, line 1435]
Event: 0.138 Thread 0x000000000311d800 Exception <a 'java/security/PrivilegedActionException'> (0x00000000d60a1b78) thrown at [C:\re\workspace\8-2-build-windows-amd64-cygwin\jdk8u181\11358\hotspot\src\share\vm\prims\jvm.cpp, line 1435]
Event: 0.145 Thread 0x000000000311d800 Exception <a 'java/io/FileNotFoundException'> (0x00000000d614b1c0) thrown at [C:\re\workspace\8-2-build-windows-amd64-cygwin\jdk8u181\11358\hotspot\src\share\vm\prims\jni.cpp, line 709]
Event: 0.188 Thread 0x000000000311d800 Exception <a 'java/lang/NoSuchFieldError': method resolution failed> (0x00000000d621ba78) thrown at [C:\re\workspace\8-2-build-windows-amd64-cygwin\jdk8u181\11358\hotspot\src\share\vm\prims\methodHandles.cpp, line 1167]
Event: 0.191 Thread 0x000000000311d800 Exception <a 'java/lang/NoSuchFieldError': method resolution failed> (0x00000000d6228dc8) thrown at [C:\re\workspace\8-2-build-windows-amd64-cygwin\jdk8u181\11358\hotspot\src\share\vm\prims\methodHandles.cpp, line 1167]
Event: 0.252 Thread 0x000000000311d800 Exception <a 'java/io/FileNotFoundException'> (0x00000000d62c29e0) thrown at [C:\re\workspace\8-2-build-windows-amd64-cygwin\jdk8u181\11358\hotspot\src\share\vm\prims\jni.cpp, line 709]

Events (10 events):
Event: 1.811 loading class javax/crypto/MacSpi
Event: 1.812 loading class javax/crypto/MacSpi done
Event: 1.814 loading class sun/security/ssl/CipherBox$1
Event: 1.814 loading class sun/security/ssl/CipherBox$1 done
Event: 1.814 loading class java/lang/StrictMath
Event: 1.814 loading class java/lang/StrictMath done
Event: 1.815 loading class com/microsoft/sqlserver/jdbc/AuthenticationJNI
Event: 1.815 loading class com/microsoft/sqlserver/jdbc/AuthenticationJNI done
Event: 1.816 loading class java/lang/ClassLoaderHelper
Event: 1.816 loading class java/lang/ClassLoaderHelper done


Dynamic libraries:
0x00007ff7f0640000 - 0x00007ff7f0677000 	C:\Program Files\Java\jdk1.8.0_181\bin\java.exe
0x00007ff9a44e0000 - 0x00007ff9a46c1000 	C:\WINDOWS\SYSTEM32\ntdll.dll
0x00007ff9a2c30000 - 0x00007ff9a2ce2000 	C:\WINDOWS\System32\KERNEL32.DLL
0x00007ff9a0970000 - 0x00007ff9a0be3000 	C:\WINDOWS\System32\KERNELBASE.dll
0x00007ff9a2e20000 - 0x00007ff9a2ec1000 	C:\WINDOWS\System32\ADVAPI32.dll
0x00007ff9a3940000 - 0x00007ff9a39de000 	C:\WINDOWS\System32\msvcrt.dll
0x00007ff9a1230000 - 0x00007ff9a128b000 	C:\WINDOWS\System32\sechost.dll
0x00007ff9a3340000 - 0x00007ff9a3464000 	C:\WINDOWS\System32\RPCRT4.dll
0x00007ff9a34f0000 - 0x00007ff9a3680000 	C:\WINDOWS\System32\USER32.dll
0x00007ff9a0fe0000 - 0x00007ff9a1000000 	C:\WINDOWS\System32\win32u.dll
0x00007ff9a3d00000 - 0x00007ff9a3d28000 	C:\WINDOWS\System32\GDI32.dll
0x00007ff9a0bf0000 - 0x00007ff9a0d82000 	C:\WINDOWS\System32\gdi32full.dll
0x00007ff9a0f40000 - 0x00007ff9a0fdf000 	C:\WINDOWS\System32\msvcp_win.dll
0x00007ff9a0e40000 - 0x00007ff9a0f3a000 	C:\WINDOWS\System32\ucrtbase.dll
0x00007ff997470000 - 0x00007ff9976d9000 	C:\WINDOWS\WinSxS\amd64_microsoft.windows.common-controls_6595b64144ccf1df_6.0.17134.228_none_fb4599993062b194\COMCTL32.dll
0x00007ff9a3e10000 - 0x00007ff9a4133000 	C:\WINDOWS\System32\combase.dll
0x00007ff9a01e0000 - 0x00007ff9a025a000 	C:\WINDOWS\System32\bcryptPrimitives.dll
0x00007ff9a3d30000 - 0x00007ff9a3d5d000 	C:\WINDOWS\System32\IMM32.DLL
0x00000000653e0000 - 0x00000000654b2000 	C:\Program Files\Java\jdk1.8.0_181\jre\bin\msvcr100.dll
0x00000000648b0000 - 0x0000000065152000 	C:\Program Files\Java\jdk1.8.0_181\jre\bin\server\jvm.dll
0x00007ff9a3860000 - 0x00007ff9a3868000 	C:\WINDOWS\System32\PSAPI.DLL
0x00007ff9980f0000 - 0x00007ff9980f9000 	C:\WINDOWS\SYSTEM32\WSOCK32.dll
0x00007ff9a4140000 - 0x00007ff9a41ac000 	C:\WINDOWS\System32\WS2_32.dll
0x00007ff99e170000 - 0x00007ff99e193000 	C:\WINDOWS\SYSTEM32\WINMM.dll
0x00007ff998770000 - 0x00007ff99877a000 	C:\WINDOWS\SYSTEM32\VERSION.dll
0x00007ff99e140000 - 0x00007ff99e16a000 	C:\WINDOWS\SYSTEM32\WINMMBASE.dll
0x00007ff99ffa0000 - 0x00007ff99ffe9000 	C:\WINDOWS\System32\cfgmgr32.dll
0x0000000065390000 - 0x000000006539f000 	C:\Program Files\Java\jdk1.8.0_181\jre\bin\verify.dll
0x0000000065360000 - 0x0000000065389000 	C:\Program Files\Java\jdk1.8.0_181\jre\bin\java.dll
0x0000000065340000 - 0x0000000065356000 	C:\Program Files\Java\jdk1.8.0_181\jre\bin\zip.dll
0x00007ff9a1780000 - 0x00007ff9a2bc0000 	C:\WINDOWS\System32\SHELL32.dll
0x00007ff9a3d60000 - 0x00007ff9a3e09000 	C:\WINDOWS\System32\shcore.dll
0x00007ff9a0260000 - 0x00007ff9a096d000 	C:\WINDOWS\System32\windows.storage.dll
0x00007ff9a3680000 - 0x00007ff9a36d1000 	C:\WINDOWS\System32\shlwapi.dll
0x00007ff99fee0000 - 0x00007ff99fef1000 	C:\WINDOWS\System32\kernel.appcore.dll
0x00007ff99ff70000 - 0x00007ff99ff8f000 	C:\WINDOWS\System32\profapi.dll
0x00007ff99ff20000 - 0x00007ff99ff6c000 	C:\WINDOWS\System32\powrprof.dll
0x00007ff99ff90000 - 0x00007ff99ff9a000 	C:\WINDOWS\System32\FLTLIB.DLL
0x0000000064710000 - 0x00000000648a9000 	C:\Program Files\Java\jdk1.8.0_181\jre\bin\awt.dll
0x00007ff9a3870000 - 0x00007ff9a3932000 	C:\WINDOWS\System32\OLEAUT32.dll
0x00007ff99e260000 - 0x00007ff99e2eb000 	C:\WINDOWS\SYSTEM32\apphelp.dll
0x00007ff99e670000 - 0x00007ff99e699000 	C:\WINDOWS\system32\DWMAPI.DLL
0x00007ff99e3e0000 - 0x00007ff99e478000 	C:\WINDOWS\system32\uxtheme.dll
0x00007ff96d440000 - 0x00007ff96d560000 	C:\WINDOWS\system32\opengl32.dll
0x00007ff9805f0000 - 0x00007ff98061c000 	C:\WINDOWS\SYSTEM32\GLU32.dll
0x00007ff9a36e0000 - 0x00007ff9a3855000 	C:\WINDOWS\System32\MSCTF.dll
0x00007ff9a41b0000 - 0x00007ff9a4301000 	C:\WINDOWS\System32\ole32.dll
0x00000000652b0000 - 0x00000000652f7000 	C:\Program Files\Java\jdk1.8.0_181\jre\bin\fontmanager.dll
0x0000000065320000 - 0x000000006533a000 	C:\Program Files\Java\jdk1.8.0_181\jre\bin\net.dll
0x00007ff99f760000 - 0x00007ff99f7c6000 	C:\WINDOWS\system32\mswsock.dll
0x0000000065300000 - 0x0000000065311000 	C:\Program Files\Java\jdk1.8.0_181\jre\bin\nio.dll
0x0000000065260000 - 0x00000000652a2000 	C:\Program Files\Java\jdk1.8.0_181\jre\bin\t2k.dll
0x00007ff98acc0000 - 0x00007ff98ad57000 	C:\WINDOWS\System32\TextInputFramework.dll
0x00007ff99b390000 - 0x00007ff99b6ae000 	C:\WINDOWS\System32\CoreUIComponents.dll
0x00007ff99dde0000 - 0x00007ff99deba000 	C:\WINDOWS\System32\CoreMessaging.dll
0x00007ff99efd0000 - 0x00007ff99f001000 	C:\WINDOWS\SYSTEM32\ntmarta.dll
0x00007ff99bf90000 - 0x00007ff99c0dd000 	C:\WINDOWS\SYSTEM32\wintypes.dll
0x00007ff99f520000 - 0x00007ff99f5de000 	C:\WINDOWS\SYSTEM32\DNSAPI.dll
0x00007ff9a39e0000 - 0x00007ff9a39e8000 	C:\WINDOWS\System32\NSI.dll
0x00007ff99f4e0000 - 0x00007ff99f518000 	C:\WINDOWS\SYSTEM32\IPHLPAPI.DLL
0x0000000065a30000 - 0x0000000065a56000 	C:\Program Files\Bonjour\mdnsNSP.dll
0x00007ff998af0000 - 0x00007ff998afa000 	C:\Windows\System32\rasadhlp.dll
0x00007ff999aa0000 - 0x00007ff999b12000 	C:\WINDOWS\System32\fwpuclnt.dll
0x00007ff99fa40000 - 0x00007ff99fa65000 	C:\WINDOWS\SYSTEM32\bcrypt.dll
0x00000000651f0000 - 0x0000000065214000 	C:\Program Files\Java\jdk1.8.0_181\jre\bin\sunec.dll
0x00007ff999fb0000 - 0x00007ff999fc6000 	C:\WINDOWS\SYSTEM32\dhcpcsvc6.DLL
0x00007ff999f90000 - 0x00007ff999faa000 	C:\WINDOWS\SYSTEM32\dhcpcsvc.DLL
0x00007ff99f910000 - 0x00007ff99f927000 	C:\WINDOWS\SYSTEM32\CRYPTSP.dll
0x00007ff99f340000 - 0x00007ff99f373000 	C:\WINDOWS\system32\rsaenh.dll
0x00007ff99fde0000 - 0x00007ff99fe08000 	C:\WINDOWS\SYSTEM32\USERENV.dll
0x00007ff99f930000 - 0x00007ff99f93b000 	C:\WINDOWS\SYSTEM32\CRYPTBASE.dll
0x00000000651e0000 - 0x00000000651eb000 	C:\Program Files\Java\jdk1.8.0_181\jre\bin\sunmscapi.dll
0x00007ff99fff0000 - 0x00007ff9a01d2000 	C:\WINDOWS\System32\CRYPT32.dll
0x00007ff99ff00000 - 0x00007ff99ff12000 	C:\WINDOWS\System32\MSASN1.dll
0x00007ff980e80000 - 0x00007ff980ecb000 	C:\Users\user\Desktop\Guia Repaso\REPASO2018\sqljdbc_auth.dll
0x00007ff997ec0000 - 0x00007ff997ecc000 	C:\WINDOWS\system32\secur32.dll
0x00007ff99fe10000 - 0x00007ff99fe40000 	C:\WINDOWS\SYSTEM32\SSPICLI.DLL
0x00007ff99f820000 - 0x00007ff99f908000 	C:\WINDOWS\system32\kerberos.DLL
0x00007ff99f6e0000 - 0x00007ff99f751000 	C:\WINDOWS\system32\msv1_0.DLL
0x00007ff99f6d0000 - 0x00007ff99f6dd000 	C:\WINDOWS\SYSTEM32\NtlmShared.dll
0x00007ff99f7d0000 - 0x00007ff99f7e4000 	C:\WINDOWS\SYSTEM32\cryptdll.dll
0x00007ff9864f0000 - 0x00007ff986518000 	C:\WINDOWS\system32\ntdsapi.dll
0x00007ff998a70000 - 0x00007ff998a86000 	C:\WINDOWS\system32\napinsp.dll
0x00007ff986d10000 - 0x00007ff986d2a000 	C:\WINDOWS\system32\pnrpnsp.dll
0x00007ff99c830000 - 0x00007ff99c849000 	C:\WINDOWS\system32\NLAapi.dll
0x00007ff99c2f0000 - 0x00007ff99c2fe000 	C:\WINDOWS\System32\winrnr.dll
0x00007ff9908e0000 - 0x00007ff990aa9000 	C:\WINDOWS\SYSTEM32\dbghelp.dll

VM Arguments:
jvm_args: -Dfile.encoding=UTF-8 
java_command: repaso2018.REPASO2018
java_class_path (initial): E:\sqljdbc4.jar;C:\Users\user\Desktop\Guia Repaso\REPASO2018\build\classes
Launcher Type: SUN_STANDARD

Environment Variables:
PATH=C:\Program Files (x86)\Common Files\Oracle\Java\javapath;C:\WINDOWS\system32;C:\WINDOWS;C:\WINDOWS\System32\Wbem;C:\WINDOWS\System32\WindowsPowerShell\v1.0\;C:\WINDOWS\System32\OpenSSH\;c:\Program Files (x86)\Microsoft SQL Server\110\Tools\Binn\;c:\Program Files\Microsoft SQL Server\110\Tools\Binn\;c:\Program Files\Microsoft SQL Server\110\DTS\Binn\;c:\Program Files (x86)\Microsoft SQL Server\110\Tools\Binn\ManagementStudio\;c:\Program Files (x86)\Microsoft SQL Server\110\DTS\Binn\;C:\Users\user\AppData\Local\Microsoft\WindowsApps;
USERNAME=user
OS=Windows_NT
PROCESSOR_IDENTIFIER=Intel64 Family 6 Model 23 Stepping 10, GenuineIntel



---------------  S Y S T E M  ---------------

OS: Windows 10.0 , 64 bit Build 17134 (10.0.17134.1)

CPU:total 2 (initial active 2) (2 cores per cpu, 1 threads per core) family 6 model 23 stepping 10, cmov, cx8, fxsr, mmx, sse, sse2, sse3, ssse3, sse4.1, tsc

Memory: 4k page, physical 8256760k(4667284k free), swap 16645368k(12744272k free)

vm_info: Java HotSpot(TM) 64-Bit Server VM (25.181-b13) for windows-amd64 JRE (1.8.0_181-b13), built on Jul  7 2018 04:01:33 by "java_re" with MS VC++ 10.0 (VS2010)

time: Wed Aug 29 13:50:27 2018
elapsed time: 2 seconds (0d 0h 0m 2s)

